[ 2018-10-03T10:46:41+08:00 ] 127.0.0.1 /tzc-blueberry/
INFO: [ app_init ] --START--
INFO: Run Behavior\BuildLiteBehavior [ RunTime:0.000014s ]
INFO: [ app_init ] --END-- [ RunTime:0.000281s ]
NOTIC: [8] Use of undefined constant SAE_MYSQL_HOST_M - assumed 'SAE_MYSQL_HOST_M' /Users/wangjun/timwang/codeArea/tzc-blueberry/blueberry/Home/Conf/config.php 第 9 行.
NOTIC: [8] Use of undefined constant SAE_MYSQL_HOST_S - assumed 'SAE_MYSQL_HOST_S' /Users/wangjun/timwang/codeArea/tzc-blueberry/blueberry/Home/Conf/config.php 第 9 行.
NOTIC: [8] Use of undefined constant SAE_MYSQL_DB - assumed 'SAE_MYSQL_DB' /Users/wangjun/timwang/codeArea/tzc-blueberry/blueberry/Home/Conf/config.php 第 10 行.
NOTIC: [8] Use of undefined constant SAE_MYSQL_USER - assumed 'SAE_MYSQL_USER' /Users/wangjun/timwang/codeArea/tzc-blueberry/blueberry/Home/Conf/config.php 第 11 行.
NOTIC: [8] Use of undefined constant SAE_MYSQL_PASS - assumed 'SAE_MYSQL_PASS' /Users/wangjun/timwang/codeArea/tzc-blueberry/blueberry/Home/Conf/config.php 第 12 行.
NOTIC: [8] Use of undefined constant SAE_MYSQL_PORT - assumed 'SAE_MYSQL_PORT' /Users/wangjun/timwang/codeArea/tzc-blueberry/blueberry/Home/Conf/config.php 第 13 行.
INFO: [ app_begin ] --START--
INFO: Run Behavior\ReadHtmlCacheBehavior [ RunTime:0.000298s ]
INFO: [ app_begin ] --END-- [ RunTime:0.000351s ]
NOTIC: [2] PDO::__construct(): php_network_getaddresses: getaddrinfo failed: nodename nor servname provided, or not known /Users/wangjun/timwang/codeArea/tzc-blueberry/ThinkPHP/Library/Think/Db/Driver.class.php 第 103 行.
NOTIC: [8] Undefined index: debug /Users/wangjun/timwang/codeArea/tzc-blueberry/ThinkPHP/Library/Think/Db/Driver.class.php 第 108 行.
NOTIC: [8] Undefined offset: 0 /Users/wangjun/timwang/codeArea/tzc-blueberry/ThinkPHP/Library/Think/Db/Driver.class.php 第 113 行.
NOTIC: [2] PDO::__construct(): php_network_getaddresses: getaddrinfo failed: nodename nor servname provided, or not known /Users/wangjun/timwang/codeArea/tzc-blueberry/ThinkPHP/Library/Think/Db/Driver.class.php 第 103 行.
ERR: SQLSTATE[HY000] [2002] php_network_getaddresses: getaddrinfo failed: nodename nor servname provided, or not known
NOTIC: [2] PDO::__construct(): php_network_getaddresses: getaddrinfo failed: nodename nor servname provided, or not known /Users/wangjun/timwang/codeArea/tzc-blueberry/ThinkPHP/Library/Think/Db/Driver.class.php 第 103 行.
NOTIC: [8] Undefined index: debug /Users/wangjun/timwang/codeArea/tzc-blueberry/ThinkPHP/Library/Think/Db/Driver.class.php 第 108 行.
NOTIC: [8] Undefined offset: 1 /Users/wangjun/timwang/codeArea/tzc-blueberry/ThinkPHP/Library/Think/Db/Driver.class.php 第 113 行.
NOTIC: [2] PDO::__construct(): php_network_getaddresses: getaddrinfo failed: nodename nor servname provided, or not known /Users/wangjun/timwang/codeArea/tzc-blueberry/ThinkPHP/Library/Think/Db/Driver.class.php 第 103 行.
ERR: SQLSTATE[HY000] [2002] php_network_getaddresses: getaddrinfo failed: nodename nor servname provided, or not known
NOTIC: [2] PDO::__construct(): php_network_getaddresses: getaddrinfo failed: nodename nor servname provided, or not known /Users/wangjun/timwang/codeArea/tzc-blueberry/ThinkPHP/Library/Think/Db/Driver.class.php 第 103 行.
NOTIC: [8] Undefined index: debug /Users/wangjun/timwang/codeArea/tzc-blueberry/ThinkPHP/Library/Think/Db/Driver.class.php 第 108 行.
NOTIC: [8] Undefined offset: 1 /Users/wangjun/timwang/codeArea/tzc-blueberry/ThinkPHP/Library/Think/Db/Driver.class.php 第 113 行.
NOTIC: [2] Missing argument 1 for Think\Controller::show(), called in /Users/wangjun/timwang/codeArea/tzc-blueberry/blueberry/Home/Controller/IndexController.class.php on line 16 and defined /Users/wangjun/timwang/codeArea/tzc-blueberry/ThinkPHP/Library/Think/Controller.class.php 第 68 行.
NOTIC: [8] Undefined variable: content /Users/wangjun/timwang/codeArea/tzc-blueberry/ThinkPHP/Library/Think/Controller.class.php 第 69 行.
INFO: [ view_parse ] --START--
INFO: [ template_filter ] --START--
INFO: Run Behavior\ContentReplaceBehavior [ RunTime:0.000056s ]
INFO: [ template_filter ] --END-- [ RunTime:0.000100s ]
INFO: Run Behavior\ParseTemplateBehavior [ RunTime:0.004375s ]
INFO: [ view_parse ] --END-- [ RunTime:0.004414s ]
INFO: [ view_filter ] --START--
INFO: Run Behavior\WriteHtmlCacheBehavior [ RunTime:0.000133s ]
INFO: [ view_filter ] --END-- [ RunTime:0.000163s ]
INFO: [ app_end ] --START--
INFO: Run Behavior\ShowPageTraceBehavior [ RunTime:0.000338s ]
INFO: [ app_end ] --END-- [ RunTime:0.000363s ]

[ 2018-10-03T10:46:56+08:00 ] 127.0.0.1 /tzc-blueberry/
INFO: [ app_init ] --START--
INFO: Run Behavior\BuildLiteBehavior [ RunTime:0.000009s ]
INFO: [ app_init ] --END-- [ RunTime:0.000222s ]
NOTIC: [8] Use of undefined constant SAE_MYSQL_HOST_M - assumed 'SAE_MYSQL_HOST_M' /Users/wangjun/timwang/codeArea/tzc-blueberry/blueberry/Home/Conf/config.php 第 9 行.
NOTIC: [8] Use of undefined constant SAE_MYSQL_HOST_S - assumed 'SAE_MYSQL_HOST_S' /Users/wangjun/timwang/codeArea/tzc-blueberry/blueberry/Home/Conf/config.php 第 9 行.
NOTIC: [8] Use of undefined constant SAE_MYSQL_DB - assumed 'SAE_MYSQL_DB' /Users/wangjun/timwang/codeArea/tzc-blueberry/blueberry/Home/Conf/config.php 第 10 行.
NOTIC: [8] Use of undefined constant SAE_MYSQL_USER - assumed 'SAE_MYSQL_USER' /Users/wangjun/timwang/codeArea/tzc-blueberry/blueberry/Home/Conf/config.php 第 11 行.
NOTIC: [8] Use of undefined constant SAE_MYSQL_PASS - assumed 'SAE_MYSQL_PASS' /Users/wangjun/timwang/codeArea/tzc-blueberry/blueberry/Home/Conf/config.php 第 12 行.
NOTIC: [8] Use of undefined constant SAE_MYSQL_PORT - assumed 'SAE_MYSQL_PORT' /Users/wangjun/timwang/codeArea/tzc-blueberry/blueberry/Home/Conf/config.php 第 13 行.
INFO: [ app_begin ] --START--
INFO: Run Behavior\ReadHtmlCacheBehavior [ RunTime:0.000278s ]
INFO: [ app_begin ] --END-- [ RunTime:0.000304s ]
NOTIC: [2] PDO::__construct(): php_network_getaddresses: getaddrinfo failed: nodename nor servname provided, or not known /Users/wangjun/timwang/codeArea/tzc-blueberry/ThinkPHP/Library/Think/Db/Driver.class.php 第 103 行.
NOTIC: [8] Undefined index: debug /Users/wangjun/timwang/codeArea/tzc-blueberry/ThinkPHP/Library/Think/Db/Driver.class.php 第 108 行.
NOTIC: [8] Undefined offset: 0 /Users/wangjun/timwang/codeArea/tzc-blueberry/ThinkPHP/Library/Think/Db/Driver.class.php 第 113 行.
NOTIC: [2] PDO::__construct(): php_network_getaddresses: getaddrinfo failed: nodename nor servname provided, or not known /Users/wangjun/timwang/codeArea/tzc-blueberry/ThinkPHP/Library/Think/Db/Driver.class.php 第 103 行.
ERR: SQLSTATE[HY000] [2002] php_network_getaddresses: getaddrinfo failed: nodename nor servname provided, or not known
NOTIC: [2] PDO::__construct(): php_network_getaddresses: getaddrinfo failed: nodename nor servname provided, or not known /Users/wangjun/timwang/codeArea/tzc-blueberry/ThinkPHP/Library/Think/Db/Driver.class.php 第 103 行.
NOTIC: [8] Undefined index: debug /Users/wangjun/timwang/codeArea/tzc-blueberry/ThinkPHP/Library/Think/Db/Driver.class.php 第 108 行.
NOTIC: [8] Undefined offset: 1 /Users/wangjun/timwang/codeArea/tzc-blueberry/ThinkPHP/Library/Think/Db/Driver.class.php 第 113 行.
NOTIC: [2] PDO::__construct(): php_network_getaddresses: getaddrinfo failed: nodename nor servname provided, or not known /Users/wangjun/timwang/codeArea/tzc-blueberry/ThinkPHP/Library/Think/Db/Driver.class.php 第 103 行.
ERR: SQLSTATE[HY000] [2002] php_network_getaddresses: getaddrinfo failed: nodename nor servname provided, or not known
NOTIC: [2] PDO::__construct(): php_network_getaddresses: getaddrinfo failed: nodename nor servname provided, or not known /Users/wangjun/timwang/codeArea/tzc-blueberry/ThinkPHP/Library/Think/Db/Driver.class.php 第 103 行.
NOTIC: [8] Undefined index: debug /Users/wangjun/timwang/codeArea/tzc-blueberry/ThinkPHP/Library/Think/Db/Driver.class.php 第 108 行.
NOTIC: [8] Undefined offset: 1 /Users/wangjun/timwang/codeArea/tzc-blueberry/ThinkPHP/Library/Think/Db/Driver.class.php 第 113 行.
NOTIC: [2] Missing argument 1 for Think\Controller::show(), called in /Users/wangjun/timwang/codeArea/tzc-blueberry/blueberry/Home/Controller/IndexController.class.php on line 16 and defined /Users/wangjun/timwang/codeArea/tzc-blueberry/ThinkPHP/Library/Think/Controller.class.php 第 68 行.
NOTIC: [8] Undefined variable: content /Users/wangjun/timwang/codeArea/tzc-blueberry/ThinkPHP/Library/Think/Controller.class.php 第 69 行.
INFO: [ view_parse ] --START--
INFO: [ template_filter ] --START--
INFO: Run Behavior\ContentReplaceBehavior [ RunTime:0.000024s ]
INFO: [ template_filter ] --END-- [ RunTime:0.000059s ]
INFO: Run Behavior\ParseTemplateBehavior [ RunTime:0.003707s ]
INFO: [ view_parse ] --END-- [ RunTime:0.003740s ]
INFO: [ view_filter ] --START--
INFO: Run Behavior\WriteHtmlCacheBehavior [ RunTime:0.000101s ]
INFO: [ view_filter ] --END-- [ RunTime:0.000121s ]
INFO: [ app_end ] --START--
INFO: Run Behavior\ShowPageTraceBehavior [ RunTime:0.000282s ]
INFO: [ app_end ] --END-- [ RunTime:0.000307s ]

[ 2018-10-03T10:46:58+08:00 ] 127.0.0.1 /tzc-blueberry/index.php?s=/index/find.html
INFO: [ app_init ] --START--
INFO: Run Behavior\BuildLiteBehavior [ RunTime:0.000012s ]
INFO: [ app_init ] --END-- [ RunTime:0.000311s ]
NOTIC: [8] Use of undefined constant SAE_MYSQL_HOST_M - assumed 'SAE_MYSQL_HOST_M' /Users/wangjun/timwang/codeArea/tzc-blueberry/blueberry/Home/Conf/config.php 第 9 行.
NOTIC: [8] Use of undefined constant SAE_MYSQL_HOST_S - assumed 'SAE_MYSQL_HOST_S' /Users/wangjun/timwang/codeArea/tzc-blueberry/blueberry/Home/Conf/config.php 第 9 行.
NOTIC: [8] Use of undefined constant SAE_MYSQL_DB - assumed 'SAE_MYSQL_DB' /Users/wangjun/timwang/codeArea/tzc-blueberry/blueberry/Home/Conf/config.php 第 10 行.
NOTIC: [8] Use of undefined constant SAE_MYSQL_USER - assumed 'SAE_MYSQL_USER' /Users/wangjun/timwang/codeArea/tzc-blueberry/blueberry/Home/Conf/config.php 第 11 行.
NOTIC: [8] Use of undefined constant SAE_MYSQL_PASS - assumed 'SAE_MYSQL_PASS' /Users/wangjun/timwang/codeArea/tzc-blueberry/blueberry/Home/Conf/config.php 第 12 行.
NOTIC: [8] Use of undefined constant SAE_MYSQL_PORT - assumed 'SAE_MYSQL_PORT' /Users/wangjun/timwang/codeArea/tzc-blueberry/blueberry/Home/Conf/config.php 第 13 行.
INFO: [ app_begin ] --START--
INFO: Run Behavior\ReadHtmlCacheBehavior [ RunTime:0.000448s ]
INFO: [ app_begin ] --END-- [ RunTime:0.000494s ]
NOTIC: [2] Missing argument 1 for Think\Controller::show(), called in /Users/wangjun/timwang/codeArea/tzc-blueberry/blueberry/Home/Controller/IndexController.class.php on line 59 and defined /Users/wangjun/timwang/codeArea/tzc-blueberry/ThinkPHP/Library/Think/Controller.class.php 第 68 行.
NOTIC: [8] Undefined variable: content /Users/wangjun/timwang/codeArea/tzc-blueberry/ThinkPHP/Library/Think/Controller.class.php 第 69 行.
INFO: [ view_parse ] --START--
INFO: [ template_filter ] --START--
INFO: Run Behavior\ContentReplaceBehavior [ RunTime:0.000027s ]
INFO: [ template_filter ] --END-- [ RunTime:0.000100s ]
INFO: Run Behavior\ParseTemplateBehavior [ RunTime:0.003310s ]
INFO: [ view_parse ] --END-- [ RunTime:0.003341s ]
INFO: [ view_filter ] --START--
INFO: Run Behavior\WriteHtmlCacheBehavior [ RunTime:0.000097s ]
INFO: [ view_filter ] --END-- [ RunTime:0.000116s ]
INFO: [ app_end ] --START--
INFO: Run Behavior\ShowPageTraceBehavior [ RunTime:0.000249s ]
INFO: [ app_end ] --END-- [ RunTime:0.000270s ]

[ 2018-10-03T10:47:01+08:00 ] 127.0.0.1 /tzc-blueberry/index.php?s=/index/index.html
INFO: [ app_init ] --START--
INFO: Run Behavior\BuildLiteBehavior [ RunTime:0.000008s ]
INFO: [ app_init ] --END-- [ RunTime:0.000233s ]
NOTIC: [8] Use of undefined constant SAE_MYSQL_HOST_M - assumed 'SAE_MYSQL_HOST_M' /Users/wangjun/timwang/codeArea/tzc-blueberry/blueberry/Home/Conf/config.php 第 9 行.
NOTIC: [8] Use of undefined constant SAE_MYSQL_HOST_S - assumed 'SAE_MYSQL_HOST_S' /Users/wangjun/timwang/codeArea/tzc-blueberry/blueberry/Home/Conf/config.php 第 9 行.
NOTIC: [8] Use of undefined constant SAE_MYSQL_DB - assumed 'SAE_MYSQL_DB' /Users/wangjun/timwang/codeArea/tzc-blueberry/blueberry/Home/Conf/config.php 第 10 行.
NOTIC: [8] Use of undefined constant SAE_MYSQL_USER - assumed 'SAE_MYSQL_USER' /Users/wangjun/timwang/codeArea/tzc-blueberry/blueberry/Home/Conf/config.php 第 11 行.
NOTIC: [8] Use of undefined constant SAE_MYSQL_PASS - assumed 'SAE_MYSQL_PASS' /Users/wangjun/timwang/codeArea/tzc-blueberry/blueberry/Home/Conf/config.php 第 12 行.
NOTIC: [8] Use of undefined constant SAE_MYSQL_PORT - assumed 'SAE_MYSQL_PORT' /Users/wangjun/timwang/codeArea/tzc-blueberry/blueberry/Home/Conf/config.php 第 13 行.
INFO: [ app_begin ] --START--
INFO: Run Behavior\ReadHtmlCacheBehavior [ RunTime:0.000272s ]
INFO: [ app_begin ] --END-- [ RunTime:0.000298s ]
NOTIC: [2] PDO::__construct(): php_network_getaddresses: getaddrinfo failed: nodename nor servname provided, or not known /Users/wangjun/timwang/codeArea/tzc-blueberry/ThinkPHP/Library/Think/Db/Driver.class.php 第 103 行.
NOTIC: [8] Undefined index: debug /Users/wangjun/timwang/codeArea/tzc-blueberry/ThinkPHP/Library/Think/Db/Driver.class.php 第 108 行.
NOTIC: [8] Undefined offset: 0 /Users/wangjun/timwang/codeArea/tzc-blueberry/ThinkPHP/Library/Think/Db/Driver.class.php 第 113 行.
NOTIC: [2] PDO::__construct(): php_network_getaddresses: getaddrinfo failed: nodename nor servname provided, or not known /Users/wangjun/timwang/codeArea/tzc-blueberry/ThinkPHP/Library/Think/Db/Driver.class.php 第 103 行.
ERR: SQLSTATE[HY000] [2002] php_network_getaddresses: getaddrinfo failed: nodename nor servname provided, or not known
NOTIC: [2] PDO::__construct(): php_network_getaddresses: getaddrinfo failed: nodename nor servname provided, or not known /Users/wangjun/timwang/codeArea/tzc-blueberry/ThinkPHP/Library/Think/Db/Driver.class.php 第 103 行.
NOTIC: [8] Undefined index: debug /Users/wangjun/timwang/codeArea/tzc-blueberry/ThinkPHP/Library/Think/Db/Driver.class.php 第 108 行.
NOTIC: [8] Undefined offset: 1 /Users/wangjun/timwang/codeArea/tzc-blueberry/ThinkPHP/Library/Think/Db/Driver.class.php 第 113 行.
NOTIC: [2] PDO::__construct(): php_network_getaddresses: getaddrinfo failed: nodename nor servname provided, or not known /Users/wangjun/timwang/codeArea/tzc-blueberry/ThinkPHP/Library/Think/Db/Driver.class.php 第 103 行.
ERR: SQLSTATE[HY000] [2002] php_network_getaddresses: getaddrinfo failed: nodename nor servname provided, or not known
NOTIC: [2] PDO::__construct(): php_network_getaddresses: getaddrinfo failed: nodename nor servname provided, or not known /Users/wangjun/timwang/codeArea/tzc-blueberry/ThinkPHP/Library/Think/Db/Driver.class.php 第 103 行.
NOTIC: [8] Undefined index: debug /Users/wangjun/timwang/codeArea/tzc-blueberry/ThinkPHP/Library/Think/Db/Driver.class.php 第 108 行.
NOTIC: [8] Undefined offset: 1 /Users/wangjun/timwang/codeArea/tzc-blueberry/ThinkPHP/Library/Think/Db/Driver.class.php 第 113 行.
NOTIC: [2] Missing argument 1 for Think\Controller::show(), called in /Users/wangjun/timwang/codeArea/tzc-blueberry/blueberry/Home/Controller/IndexController.class.php on line 16 and defined /Users/wangjun/timwang/codeArea/tzc-blueberry/ThinkPHP/Library/Think/Controller.class.php 第 68 行.
NOTIC: [8] Undefined variable: content /Users/wangjun/timwang/codeArea/tzc-blueberry/ThinkPHP/Library/Think/Controller.class.php 第 69 行.
INFO: [ view_parse ] --START--
INFO: [ template_filter ] --START--
INFO: Run Behavior\ContentReplaceBehavior [ RunTime:0.000046s ]
INFO: [ template_filter ] --END-- [ RunTime:0.000081s ]
INFO: Run Behavior\ParseTemplateBehavior [ RunTime:0.003935s ]
INFO: [ view_parse ] --END-- [ RunTime:0.003959s ]
INFO: [ view_filter ] --START--
INFO: Run Behavior\WriteHtmlCacheBehavior [ RunTime:0.000094s ]
INFO: [ view_filter ] --END-- [ RunTime:0.000112s ]
INFO: [ app_end ] --START--
INFO: Run Behavior\ShowPageTraceBehavior [ RunTime:0.000239s ]
INFO: [ app_end ] --END-- [ RunTime:0.000261s ]

[ 2018-10-03T10:47:14+08:00 ] 127.0.0.1 /tzc-blueberry/index.php?s=/index/find.html
INFO: [ app_init ] --START--
INFO: Run Behavior\BuildLiteBehavior [ RunTime:0.000008s ]
INFO: [ app_init ] --END-- [ RunTime:0.000237s ]
NOTIC: [8] Use of undefined constant SAE_MYSQL_HOST_M - assumed 'SAE_MYSQL_HOST_M' /Users/wangjun/timwang/codeArea/tzc-blueberry/blueberry/Home/Conf/config.php 第 9 行.
NOTIC: [8] Use of undefined constant SAE_MYSQL_HOST_S - assumed 'SAE_MYSQL_HOST_S' /Users/wangjun/timwang/codeArea/tzc-blueberry/blueberry/Home/Conf/config.php 第 9 行.
NOTIC: [8] Use of undefined constant SAE_MYSQL_DB - assumed 'SAE_MYSQL_DB' /Users/wangjun/timwang/codeArea/tzc-blueberry/blueberry/Home/Conf/config.php 第 10 行.
NOTIC: [8] Use of undefined constant SAE_MYSQL_USER - assumed 'SAE_MYSQL_USER' /Users/wangjun/timwang/codeArea/tzc-blueberry/blueberry/Home/Conf/config.php 第 11 行.
NOTIC: [8] Use of undefined constant SAE_MYSQL_PASS - assumed 'SAE_MYSQL_PASS' /Users/wangjun/timwang/codeArea/tzc-blueberry/blueberry/Home/Conf/config.php 第 12 行.
NOTIC: [8] Use of undefined constant SAE_MYSQL_PORT - assumed 'SAE_MYSQL_PORT' /Users/wangjun/timwang/codeArea/tzc-blueberry/blueberry/Home/Conf/config.php 第 13 行.
INFO: [ app_begin ] --START--
INFO: Run Behavior\ReadHtmlCacheBehavior [ RunTime:0.000469s ]
INFO: [ app_begin ] --END-- [ RunTime:0.000508s ]
NOTIC: [2] Missing argument 1 for Think\Controller::show(), called in /Users/wangjun/timwang/codeArea/tzc-blueberry/blueberry/Home/Controller/IndexController.class.php on line 59 and defined /Users/wangjun/timwang/codeArea/tzc-blueberry/ThinkPHP/Library/Think/Controller.class.php 第 68 行.
NOTIC: [8] Undefined variable: content /Users/wangjun/timwang/codeArea/tzc-blueberry/ThinkPHP/Library/Think/Controller.class.php 第 69 行.
INFO: [ view_parse ] --START--
INFO: [ template_filter ] --START--
INFO: Run Behavior\ContentReplaceBehavior [ RunTime:0.000024s ]
INFO: [ template_filter ] --END-- [ RunTime:0.000058s ]
INFO: Run Behavior\ParseTemplateBehavior [ RunTime:0.004870s ]
INFO: [ view_parse ] --END-- [ RunTime:0.004916s ]
INFO: [ view_filter ] --START--
INFO: Run Behavior\WriteHtmlCacheBehavior [ RunTime:0.000236s ]
INFO: [ view_filter ] --END-- [ RunTime:0.000271s ]
INFO: [ app_end ] --START--
INFO: Run Behavior\ShowPageTraceBehavior [ RunTime:0.000403s ]
INFO: [ app_end ] --END-- [ RunTime:0.000453s ]

